<?xml version="1.0" encoding="UTF-8"?>
<testng-results skipped="0" failed="0" total="1" passed="1">
  <reporter-output>
  </reporter-output>
  <suite name="Suite" duration-ms="14927" started-at="2019-11-05T11:11:28Z" finished-at="2019-11-05T11:11:43Z">
    <groups>
    </groups>
    <test name="Test" duration-ms="14927" started-at="2019-11-05T11:11:28Z" finished-at="2019-11-05T11:11:43Z">
      <class name="qsp.Demo1">
        <test-method status="PASS" signature="test1()[pri:0, instance:qsp.Demo1@4c75cab9]" name="test1" duration-ms="14927" started-at="2019-11-05T16:41:28Z" finished-at="2019-11-05T16:41:43Z">
          <reporter-output>
          </reporter-output>
        </test-method> <!-- test1 -->
      </class> <!-- qsp.Demo1 -->
    </test> <!-- Test -->
  </suite> <!-- Suite -->
</testng-results>
